<?xml version="1.0" encoding="UTF-8"?>
<testsuite name="com.mygdx.tests.BasicConstructorTests.CustomerPlayerTests.PlayerTest" tests="2" skipped="0" failures="1" errors="0" timestamp="2023-04-11T15:54:28" hostname="BAILEY-LAPTOP" time="0.128">
  <properties/>
  <testcase name="testMovement" classname="com.mygdx.tests.BasicConstructorTests.CustomerPlayerTests.PlayerTest" time="0.077">
    <failure message="java.lang.AssertionError: Values should be different. Actual: 175.0" type="java.lang.AssertionError">java.lang.AssertionError: Values should be different. Actual: 175.0
	at org.junit.Assert.fail(Assert.java:89)
	at org.junit.Assert.failEquals(Assert.java:187)
	at org.junit.Assert.assertNotEquals(Assert.java:599)
	at org.junit.Assert.assertNotEquals(Assert.java:267)
	at com.mygdx.tests.BasicConstructorTests.CustomerPlayerTests.PlayerTest.testMovement(PlayerTest.java:52)
	at sun.reflect.NativeMethodAccessorImpl.invoke0(Native Method)
	at sun.reflect.NativeMethodAccessorImpl.invoke(NativeMethodAccessorImpl.java:62)
	at sun.reflect.DelegatingMethodAccessorImpl.invoke(DelegatingMethodAccessorImpl.java:43)
	at java.lang.reflect.Method.invoke(Method.java:498)
	at org.junit.runners.model.FrameworkMethod$1.runReflectiveCall(FrameworkMethod.java:59)
	at org.junit.internal.runners.model.ReflectiveCallable.run(ReflectiveCallable.java:12)
	at org.junit.runners.model.FrameworkMethod.invokeExplosively(FrameworkMethod.java:56)
	at org.junit.internal.runners.statements.InvokeMethod.evaluate(InvokeMethod.java:17)
	at org.junit.runners.ParentRunner$3.evaluate(ParentRunner.java:306)
	at org.junit.runners.BlockJUnit4ClassRunner$1.evaluate(BlockJUnit4ClassRunner.java:100)
	at org.junit.runners.ParentRunner.runLeaf(ParentRunner.java:366)
	at org.junit.runners.BlockJUnit4ClassRunner.runChild(BlockJUnit4ClassRunner.java:103)
	at com.mygdx.tests.GdxTestRunner.render(GdxTestRunner.java:59)
	at com.badlogic.gdx.backends.headless.HeadlessApplication.mainLoop(HeadlessApplication.java:128)
	at com.badlogic.gdx.backends.headless.HeadlessApplication$1.run(HeadlessApplication.java:93)
</failure>
  </testcase>
  <testcase name="testConstructor" classname="com.mygdx.tests.BasicConstructorTests.CustomerPlayerTests.PlayerTest" time="0.033"/>
  <system-out><![CDATA[175.0
175.0
]]></system-out>
  <system-err><![CDATA[]]></system-err>
</testsuite>
